<?xml version="1.0" encoding="UTF-8"?>
<testsuites>
  <testsuite name="/Users/nik/Sites/tips/phpunit.xml" tests="40" assertions="1026" errors="0" failures="0" skipped="0" time="9.737240">
    <testsuite name="default" tests="40" assertions="1026" errors="0" failures="0" skipped="0" time="9.737240">
      <testsuite name="Tips\Tests\Ajax\MatchdataAjaxTest" file="/Users/nik/Sites/tips/tests/Ajax/MatchdataAjaxTest.php" tests="1" assertions="3" errors="0" failures="0" skipped="0" time="2.298813">
        <testcase name="testMatchdataAjax" file="/Users/nik/Sites/tips/tests/Ajax/MatchdataAjaxTest.php" line="26" class="Tips\Tests\Ajax\MatchdataAjaxTest" classname="Tips.Tests.Ajax.MatchdataAjaxTest" assertions="3" time="2.298813"/>
      </testsuite>
      <testsuite name="Tips\Tests\Ajax\OmgangAjaxTest" file="/Users/nik/Sites/tips/tests/Ajax/OmgangAjaxTest.php" tests="1" assertions="3" errors="0" failures="0" skipped="0" time="0.280697">
        <testcase name="testOmgangAjax" file="/Users/nik/Sites/tips/tests/Ajax/OmgangAjaxTest.php" line="26" class="Tips\Tests\Ajax\OmgangAjaxTest" classname="Tips.Tests.Ajax.OmgangAjaxTest" assertions="3" time="0.280697"/>
      </testsuite>
      <testsuite name="Tips\Tests\Ajax\PreferenserAjaxTest" file="/Users/nik/Sites/tips/tests/Ajax/PreferenserAjaxTest.php" tests="1" assertions="10" errors="0" failures="0" skipped="0" time="0.244220">
        <testcase name="testPreferenserAjax" file="/Users/nik/Sites/tips/tests/Ajax/PreferenserAjaxTest.php" line="27" class="Tips\Tests\Ajax\PreferenserAjaxTest" classname="Tips.Tests.Ajax.PreferenserAjaxTest" assertions="10" time="0.244220"/>
      </testsuite>
      <testsuite name="Tips\Tests\Ajax\RaderAjaxTest" file="/Users/nik/Sites/tips/tests/Ajax/RaderAjaxTest.php" tests="1" assertions="2" errors="0" failures="0" skipped="0" time="0.004496">
        <testcase name="testRaderAjax" file="/Users/nik/Sites/tips/tests/Ajax/RaderAjaxTest.php" line="26" class="Tips\Tests\Ajax\RaderAjaxTest" classname="Tips.Tests.Ajax.RaderAjaxTest" assertions="2" time="0.004496"/>
      </testsuite>
      <testsuite name="Tips\Tests\Ajax\SekvensAjaxTest" file="/Users/nik/Sites/tips/tests/Ajax/SekvensAjaxTest.php" tests="1" assertions="4" errors="0" failures="0" skipped="0" time="0.104318">
        <testcase name="testSekvensAjax" file="/Users/nik/Sites/tips/tests/Ajax/SekvensAjaxTest.php" line="29" class="Tips\Tests\Ajax\SekvensAjaxTest" classname="Tips.Tests.Ajax.SekvensAjaxTest" assertions="4" time="0.104318"/>
      </testsuite>
      <testsuite name="Tips\Tests\Ajax\SpelAjaxTest" file="/Users/nik/Sites/tips/tests/Ajax/SpelAjaxTest.php" tests="1" assertions="7" errors="0" failures="0" skipped="0" time="0.027374">
        <testcase name="testSpelAjax" file="/Users/nik/Sites/tips/tests/Ajax/SpelAjaxTest.php" line="28" class="Tips\Tests\Ajax\SpelAjaxTest" classname="Tips.Tests.Ajax.SpelAjaxTest" assertions="7" time="0.027374"/>
      </testsuite>
      <testsuite name="Tips\Tests\Klasser\DBPreferenserTest" file="/Users/nik/Sites/tips/tests/Klasser/DBPreferenserTest.php" tests="1" assertions="3" errors="0" failures="0" skipped="0" time="0.001899">
        <testcase name="testDBPreferenser" file="/Users/nik/Sites/tips/tests/Klasser/DBPreferenserTest.php" line="26" class="Tips\Tests\Klasser\DBPreferenserTest" classname="Tips.Tests.Klasser.DBPreferenserTest" assertions="3" time="0.001899"/>
      </testsuite>
      <testsuite name="Tips\Tests\Klasser\MatcherTest" file="/Users/nik/Sites/tips/tests/Klasser/MatcherTest.php" tests="1" assertions="2" errors="0" failures="0" skipped="0" time="0.001898">
        <testcase name="testMatcher" file="/Users/nik/Sites/tips/tests/Klasser/MatcherTest.php" line="26" class="Tips\Tests\Klasser\MatcherTest" classname="Tips.Tests.Klasser.MatcherTest" assertions="2" time="0.001898"/>
      </testsuite>
      <testsuite name="Tips\Tests\Klasser\OmgangTest" file="/Users/nik/Sites/tips/tests/Klasser/OmgangTest.php" tests="1" assertions="7" errors="0" failures="0" skipped="0" time="2.796109">
        <testcase name="testOmgang" file="/Users/nik/Sites/tips/tests/Klasser/OmgangTest.php" line="28" class="Tips\Tests\Klasser\OmgangTest" classname="Tips.Tests.Klasser.OmgangTest" assertions="7" time="2.796109"/>
      </testsuite>
      <testsuite name="Tips\Tests\Klasser\SpelTest" file="/Users/nik/Sites/tips/tests/Klasser/SpelTest.php" tests="1" assertions="8" errors="0" failures="0" skipped="0" time="0.006431">
        <testcase name="testSpel" file="/Users/nik/Sites/tips/tests/Klasser/SpelTest.php" line="29" class="Tips\Tests\Klasser\SpelTest" classname="Tips.Tests.Klasser.SpelTest" assertions="8" time="0.006431"/>
      </testsuite>
      <testsuite name="Tips\Tests\Klasser\VinstspridningTest" file="/Users/nik/Sites/tips/tests/Klasser/VinstspridningTest.php" tests="1" assertions="1" errors="0" failures="0" skipped="0" time="0.166095">
        <testcase name="testVinstspridning" file="/Users/nik/Sites/tips/tests/Klasser/VinstspridningTest.php" line="27" class="Tips\Tests\Klasser\VinstspridningTest" classname="Tips.Tests.Klasser.VinstspridningTest" assertions="1" time="0.166095"/>
      </testsuite>
      <testsuite name="Tips\Tests\Moduler\Ajax\AndelAjaxTest" file="/Users/nik/Sites/tips/tests/Moduler/Ajax/AndelAjaxTest.php" tests="3" assertions="7" errors="0" failures="0" skipped="0" time="0.021732">
        <testcase name="testAndelAjax1" file="/Users/nik/Sites/tips/tests/Moduler/Ajax/AndelAjaxTest.php" line="26" class="Tips\Tests\Moduler\Ajax\AndelAjaxTest" classname="Tips.Tests.Moduler.Ajax.AndelAjaxTest" assertions="3" time="0.009548"/>
        <testcase name="testAndelAjaxX" file="/Users/nik/Sites/tips/tests/Moduler/Ajax/AndelAjaxTest.php" line="46" class="Tips\Tests\Moduler\Ajax\AndelAjaxTest" classname="Tips.Tests.Moduler.Ajax.AndelAjaxTest" assertions="2" time="0.005653"/>
        <testcase name="testAndelAjax2" file="/Users/nik/Sites/tips/tests/Moduler/Ajax/AndelAjaxTest.php" line="66" class="Tips\Tests\Moduler\Ajax\AndelAjaxTest" classname="Tips.Tests.Moduler.Ajax.AndelAjaxTest" assertions="2" time="0.006531"/>
      </testsuite>
      <testsuite name="Tips\Tests\Moduler\Ajax\AutospikAjaxTest" file="/Users/nik/Sites/tips/tests/Moduler/Ajax/AutospikAjaxTest.php" tests="1" assertions="3" errors="0" failures="0" skipped="0" time="0.011183">
        <testcase name="testAutospikAjax" file="/Users/nik/Sites/tips/tests/Moduler/Ajax/AutospikAjaxTest.php" line="26" class="Tips\Tests\Moduler\Ajax\AutospikAjaxTest" classname="Tips.Tests.Moduler.Ajax.AutospikAjaxTest" assertions="3" time="0.011183"/>
      </testsuite>
      <testsuite name="Tips\Tests\Moduler\Ajax\FANNAjaxTest" file="/Users/nik/Sites/tips/tests/Moduler/Ajax/FANNAjaxTest.php" tests="2" assertions="5" errors="0" failures="0" skipped="0" time="0.018095">
        <testcase name="testFannAjaxMin" file="/Users/nik/Sites/tips/tests/Moduler/Ajax/FANNAjaxTest.php" line="26" class="Tips\Tests\Moduler\Ajax\FANNAjaxTest" classname="Tips.Tests.Moduler.Ajax.FANNAjaxTest" assertions="3" time="0.012415"/>
        <testcase name="testFannAjaxTolerans" file="/Users/nik/Sites/tips/tests/Moduler/Ajax/FANNAjaxTest.php" line="56" class="Tips\Tests\Moduler\Ajax\FANNAjaxTest" classname="Tips.Tests.Moduler.Ajax.FANNAjaxTest" assertions="2" time="0.005680"/>
      </testsuite>
      <testsuite name="Tips\Tests\Moduler\Ajax\HGAjaxTest" file="/Users/nik/Sites/tips/tests/Moduler/Ajax/HGAjaxTest.php" tests="1" assertions="3" errors="0" failures="0" skipped="0" time="0.011520">
        <testcase name="testHGAjaxMin" file="/Users/nik/Sites/tips/tests/Moduler/Ajax/HGAjaxTest.php" line="26" class="Tips\Tests\Moduler\Ajax\HGAjaxTest" classname="Tips.Tests.Moduler.Ajax.HGAjaxTest" assertions="3" time="0.011520"/>
      </testsuite>
      <testsuite name="Tips\Tests\Moduler\Ajax\KlusterAjaxTest" file="/Users/nik/Sites/tips/tests/Moduler/Ajax/KlusterAjaxTest.php" tests="2" assertions="5" errors="0" failures="0" skipped="0" time="0.775643">
        <testcase name="testKlusterAjaxAntal" file="/Users/nik/Sites/tips/tests/Moduler/Ajax/KlusterAjaxTest.php" line="26" class="Tips\Tests\Moduler\Ajax\KlusterAjaxTest" classname="Tips.Tests.Moduler.Ajax.KlusterAjaxTest" assertions="3" time="0.463483"/>
        <testcase name="testKlusterAjaxRadie" file="/Users/nik/Sites/tips/tests/Moduler/Ajax/KlusterAjaxTest.php" line="52" class="Tips\Tests\Moduler\Ajax\KlusterAjaxTest" classname="Tips.Tests.Moduler.Ajax.KlusterAjaxTest" assertions="2" time="0.312160"/>
      </testsuite>
      <testsuite name="Tips\Tests\Moduler\Ajax\SystemAjaxTest" file="/Users/nik/Sites/tips/tests/Moduler/Ajax/SystemAjaxTest.php" tests="1" assertions="6" errors="0" failures="0" skipped="0" time="0.051687">
        <testcase name="testSystemAjax" file="/Users/nik/Sites/tips/tests/Moduler/Ajax/SystemAjaxTest.php" line="28" class="Tips\Tests\Moduler\Ajax\SystemAjaxTest" classname="Tips.Tests.Moduler.Ajax.SystemAjaxTest" assertions="6" time="0.051687"/>
      </testsuite>
      <testsuite name="Tips\Tests\Moduler\Ajax\TTAjaxTest" file="/Users/nik/Sites/tips/tests/Moduler/Ajax/TTAjaxTest.php" tests="3" assertions="11" errors="0" failures="0" skipped="0" time="0.164701">
        <testcase name="testTTAjax" file="/Users/nik/Sites/tips/tests/Moduler/Ajax/TTAjaxTest.php" line="28" class="Tips\Tests\Moduler\Ajax\TTAjaxTest" classname="Tips.Tests.Moduler.Ajax.TTAjaxTest" assertions="6" time="0.091055"/>
        <testcase name="testTTAjax2" file="/Users/nik/Sites/tips/tests/Moduler/Ajax/TTAjaxTest.php" line="101" class="Tips\Tests\Moduler\Ajax\TTAjaxTest" classname="Tips.Tests.Moduler.Ajax.TTAjaxTest" assertions="1" time="0.034545"/>
        <testcase name="testTTAjax3" file="/Users/nik/Sites/tips/tests/Moduler/Ajax/TTAjaxTest.php" line="162" class="Tips\Tests\Moduler\Ajax\TTAjaxTest" classname="Tips.Tests.Moduler.Ajax.TTAjaxTest" assertions="4" time="0.039102"/>
      </testsuite>
      <testsuite name="Tips\Tests\Moduler\Ajax\VinstgrafAjaxTest" file="/Users/nik/Sites/tips/tests/Moduler/Ajax/VinstgrafAjaxTest.php" tests="1" assertions="4" errors="0" failures="0" skipped="0" time="0.076275">
        <testcase name="testVinstgrafAjax" file="/Users/nik/Sites/tips/tests/Moduler/Ajax/VinstgrafAjaxTest.php" line="27" class="Tips\Tests\Moduler\Ajax\VinstgrafAjaxTest" classname="Tips.Tests.Moduler.Ajax.VinstgrafAjaxTest" assertions="4" time="0.076275"/>
      </testsuite>
      <testsuite name="Tips\Tests\Moduler\AndelTest" file="/Users/nik/Sites/tips/tests/Moduler/AndelTest.php" tests="1" assertions="2" errors="0" failures="0" skipped="0" time="0.029816">
        <testcase name="testAndel" file="/Users/nik/Sites/tips/tests/Moduler/AndelTest.php" line="26" class="Tips\Tests\Moduler\AndelTest" classname="Tips.Tests.Moduler.AndelTest" assertions="2" time="0.029816"/>
      </testsuite>
      <testsuite name="Tips\Tests\Moduler\AutospikTest" file="/Users/nik/Sites/tips/tests/Moduler/AutospikTest.php" tests="1" assertions="2" errors="0" failures="0" skipped="0" time="0.037317">
        <testcase name="testAutospik" file="/Users/nik/Sites/tips/tests/Moduler/AutospikTest.php" line="26" class="Tips\Tests\Moduler\AutospikTest" classname="Tips.Tests.Moduler.AutospikTest" assertions="2" time="0.037317"/>
      </testsuite>
      <testsuite name="Tips\Tests\Moduler\DistributionTest" file="/Users/nik/Sites/tips/tests/Moduler/DistributionTest.php" tests="1" assertions="2" errors="0" failures="0" skipped="0" time="0.033687">
        <testcase name="testDistribution" file="/Users/nik/Sites/tips/tests/Moduler/DistributionTest.php" line="26" class="Tips\Tests\Moduler\DistributionTest" classname="Tips.Tests.Moduler.DistributionTest" assertions="2" time="0.033687"/>
      </testsuite>
      <testsuite name="Tips\Tests\Moduler\HGTest" file="/Users/nik/Sites/tips/tests/Moduler/HGTest.php" tests="1" assertions="2" errors="0" failures="0" skipped="0" time="0.029904">
        <testcase name="testHG" file="/Users/nik/Sites/tips/tests/Moduler/HGTest.php" line="26" class="Tips\Tests\Moduler\HGTest" classname="Tips.Tests.Moduler.HGTest" assertions="2" time="0.029904"/>
      </testsuite>
      <testsuite name="Tips\Tests\Moduler\System\RKodTest" file="/Users/nik/Sites/tips/tests/Moduler/System/RKodTest.php" tests="1" assertions="615" errors="0" failures="0" skipped="0" time="0.139907">
        <testcase name="testRKod" file="/Users/nik/Sites/tips/tests/Moduler/System/RKodTest.php" line="24" class="Tips\Tests\Moduler\System\RKodTest" classname="Tips.Tests.Moduler.System.RKodTest" assertions="615" time="0.139907"/>
      </testsuite>
      <testsuite name="Tips\Tests\Moduler\System\SystemTest" file="/Users/nik/Sites/tips/tests/Moduler/System/SystemTest.php" tests="1" assertions="2" errors="0" failures="0" skipped="0" time="0.031714">
        <testcase name="testCreateObject" file="/Users/nik/Sites/tips/tests/Moduler/System/SystemTest.php" line="27" class="Tips\Tests\Moduler\System\SystemTest" classname="Tips.Tests.Moduler.System.SystemTest" assertions="2" time="0.031714"/>
      </testsuite>
      <testsuite name="Tips\Tests\Moduler\TT\TTRKodTest" file="/Users/nik/Sites/tips/tests/Moduler/TT/TTRKodTest.php" tests="1" assertions="260" errors="0" failures="0" skipped="0" time="0.006244">
        <testcase name="testRKod" file="/Users/nik/Sites/tips/tests/Moduler/TT/TTRKodTest.php" line="25" class="Tips\Tests\Moduler\TT\TTRKodTest" classname="Tips.Tests.Moduler.TT.TTRKodTest" assertions="260" time="0.006244"/>
      </testsuite>
      <testsuite name="Tips\Tests\Moduler\TT\TTTest" file="/Users/nik/Sites/tips/tests/Moduler/TT/TTTest.php" tests="1" assertions="3" errors="0" failures="0" skipped="0" time="0.059850">
        <testcase name="testTopptipset" file="/Users/nik/Sites/tips/tests/Moduler/TT/TTTest.php" line="28" class="Tips\Tests\Moduler\TT\TTTest" classname="Tips.Tests.Moduler.TT.TTTest" assertions="3" time="0.059850"/>
      </testsuite>
      <testsuite name="Tips\Tests\Moduler\VinstgrafTest" file="/Users/nik/Sites/tips/tests/Moduler/VinstgrafTest.php" tests="1" assertions="2" errors="0" failures="0" skipped="0" time="0.087813">
        <testcase name="testVinstgraf" file="/Users/nik/Sites/tips/tests/Moduler/VinstgrafTest.php" line="26" class="Tips\Tests\Moduler\VinstgrafTest" classname="Tips.Tests.Moduler.VinstgrafTest" assertions="2" time="0.087813"/>
      </testsuite>
      <testsuite name="Tips\Tests\Parallellisering\PDistributionTest" file="/Users/nik/Sites/tips/tests/Parallellisering/PDistributionTest.php" tests="1" assertions="1" errors="0" failures="0" skipped="0" time="0.991397">
        <testcase name="testPDistribution" file="/Users/nik/Sites/tips/tests/Parallellisering/PDistributionTest.php" line="24" class="Tips\Tests\Parallellisering\PDistributionTest" classname="Tips.Tests.Parallellisering.PDistributionTest" assertions="1" time="0.991397"/>
      </testsuite>
      <testsuite name="Tips\Tests\Parallellisering\PGenereraTest" file="/Users/nik/Sites/tips/tests/Parallellisering/PGenereraTest.php" tests="1" assertions="1" errors="0" failures="0" skipped="0" time="1.223754">
        <testcase name="testPGenerera" file="/Users/nik/Sites/tips/tests/Parallellisering/PGenereraTest.php" line="24" class="Tips\Tests\Parallellisering\PGenereraTest" classname="Tips.Tests.Parallellisering.PGenereraTest" assertions="1" time="1.223754"/>
      </testsuite>
      <testsuite name="Tips\Tests\Funktioner\assistenterTest" file="/Users/nik/Sites/tips/tests/funktioner/assistenterTest.php" tests="1" assertions="21" errors="0" failures="0" skipped="0" time="0.001094">
        <testcase name="testAssistenter" file="/Users/nik/Sites/tips/tests/funktioner/assistenterTest.php" line="23" class="Tips\Tests\Funktioner\assistenterTest" classname="Tips.Tests.Funktioner.assistenterTest" assertions="21" time="0.001094"/>
      </testsuite>
      <testsuite name="Tips\Tests\Funktioner\generatorTest" file="/Users/nik/Sites/tips/tests/funktioner/generatorTest.php" tests="1" assertions="1" errors="0" failures="0" skipped="0" time="0.000482">
        <testcase name="testGenerator" file="/Users/nik/Sites/tips/tests/funktioner/generatorTest.php" line="23" class="Tips\Tests\Funktioner\generatorTest" classname="Tips.Tests.Funktioner.generatorTest" assertions="1" time="0.000482"/>
      </testsuite>
      <testsuite name="Tips\Tests\Funktioner\matriserTest" file="/Users/nik/Sites/tips/tests/funktioner/matriserTest.php" tests="1" assertions="4" errors="0" failures="0" skipped="0" time="0.000583">
        <testcase name="testMatriser" file="/Users/nik/Sites/tips/tests/funktioner/matriserTest.php" line="23" class="Tips\Tests\Funktioner\matriserTest" classname="Tips.Tests.Funktioner.matriserTest" assertions="4" time="0.000583"/>
      </testsuite>
      <testsuite name="Tips\Tests\Funktioner\tipsraderTest" file="/Users/nik/Sites/tips/tests/funktioner/tipsraderTest.php" tests="1" assertions="14" errors="0" failures="0" skipped="0" time="0.000490">
        <testcase name="testTipsrader" file="/Users/nik/Sites/tips/tests/funktioner/tipsraderTest.php" line="23" class="Tips\Tests\Funktioner\tipsraderTest" classname="Tips.Tests.Funktioner.tipsraderTest" assertions="14" time="0.000490"/>
      </testsuite>
    </testsuite>
  </testsuite>
</testsuites>
